# YOUTUBE
youtube.com
accounts.youtube.com
consent.youtube.com
realtimesupport.youtube.com
i9.ytimg.com
i.yting.com
googlevideo.com
youtu.be
yt.be
ytimg.com
ggpht.com
gvt1.com
youtube.googleapis.com
youtubeembeddedplayer.googleapis.com
youtubei.googleapis.com
i.ytimg.com
yt3.ggpht.com
yt4.ggpht.com
ytimg.l.google.com
nhacmp3youtube.com
jnn-pa.googleapis.com
youtube-nocookie.com
youtube-ui.l.google.com
yt-video-upload.l.google.com
wide-youtube.l.google.com
studio.youtube.com
youtubekids.com
googleapis.com

# Torrent trackers
nnmclub.to
nnmstatic.win
filmitorrent.net
fast-torrent.club
kinozal.guru
kinozal.tv
cnd2exp.online
torrentgalaxy.to
rutor.org
rutor.info
cdnbunny.org
pornolab.net
rutracker.org
rutracker.cc
rutracker.net
static.rutracker.cc
tapochek.net
rustorka.com

# HDrezka
hdrezka.ag
hdrezka.ac
hdrezka.me
hdrezka.tv
hdrezka.cc
hdrezka.co
hdrezka.es
hd-rezka.cc
static.hdrezka.ac
voidboost.cc
stream.voidboost.cc
rezka.ag
rezka.my
rezka.cc
rezkify.com
kinopub.me
rezkery.com
rezkify.com

# OTHER
2ip.io
simsms.org
greasyfork.org

# Meta (Instagram, Facebook)
instagram.com
www.instagram.com
graph.instagram.com
gateway.instagram.com
i.instagram.com
z-p42-instagram.c10r.instagram.com
i-fallback.instagram.com
ig.me
www.facebook.com
mqtt-mini.facebook.com
edge-mqtt.facebook.com
graph.facebook.com
web.facebook.com
connect.facebook.net
facebook.net
z-p42-chat-e2ee-ig.facebook.com
star-mini.c10r.facebook.com
static.cdninstagram.com
scontent.cdninstagram.com
scontent-ams2-1.cdninstagram.com
scontent-ams4-1.cdninstagram.com
scontent-ams4-1.xx.fbcdn.net
scontent.xx.fbcdn.net
cdn.fbsbx.com
internalfb.com
oculus.com

# Twitter/X. From: https://github.com/v2fly/domain-list-community/blob/master/data/twitter
ads-twitter.com
cms-twdigitalassets.com
periscope.tv
pscp.tv
t.co
tellapart.com
tweetdeck.com
twimg.com
twitpic.com
twitter.biz
twitter.com
twitter.jp
twittercommunity.com
twitterflightschool.com
twitterinc.com
twitteroauth.com
twitterstat.us
twtrdns.net
twttr.com
twttr.net
twvid.com
vine.co
x.com

speedtest.net
