2ip.io
hdrezka.ag
hdrezka.me
hdrezka.tv
hdrezka.cc
rezka.cc
hd-rezka.cc
pornolab.net
rutracker.org
rutracker.cc
static.rutracker.cc
tapochek.net
nnmclub.to
nnmstatic.win
rustorka.com
kinozal.tv
rutor.info
cdnbunny.org
simsms.org
hdrezka.es
instagram.com
cdn.instagram.com
static.cdninstagram.com
instagram.c10r.facebook.com
abs.twimg.com
api.twitter.com
cdn.syndication.twimg.com
platform.twitter.com
tweetdeck.twitter.com
twitter.com
twitter.freshdesk.com
twimg.com
mobile.twitter.com
abs-0.twimg.com
abs-zero.twimg.com
ads-twitter.com
x.com
t.co
twitter.biz
twitter.jp
twittercommunity.com
twitterflightschool.com
twitterinc.com
twitteroauth.com
twitterstat.us
twtrdns.net
twttr.com
twttr.net
video.twimg.com
facebook.com
fbcdn.net
fbsbx.com
connect.facebook.net
graph.facebook.com
